<?xml version="1.0" encoding="UTF-8"?>
<!-- Generated by org.testng.reporters.JUnitReportReporter -->
<testsuite skipped="0" hostname="DESKTOP-E0J38J8" name="com.mavenmarch.Demo11" tests="1" failures="0" timestamp="2022-03-07T00:13:39 IST" time="0.031" errors="0">
  <testcase name="demo1" time="0.031" classname="com.mavenmarch.Demo11"/>
  <system-out/>
</testsuite> <!-- com.mavenmarch.Demo11 -->
