<?xml version="1.0" encoding="UTF-8"?>
<!-- Generated by org.testng.reporters.JUnitReportReporter -->
<testsuite skipped="0" hostname="DESKTOP-E0J38J8" name="com.mavenmarch.demo.Demo22" tests="1" failures="0" timestamp="2022-03-07T00:34:50 IST" time="0.001" errors="0">
  <testcase name="demo2" time="0.001" classname="com.mavenmarch.demo.Demo22"/>
  <system-out/>
</testsuite> <!-- com.mavenmarch.demo.Demo22 -->
